<?xml version="1.0" encoding="utf-8"?><testsuites name="pytest tests"><testsuite name="pytest" errors="0" failures="1" skipped="0" tests="21" time="8.229" timestamp="2026-07-18T06:32:07.808644+00:00" hostname="agent-env-12c0e474-196a-4848-adcf-5a0e56ab2c02"><testcase classname="backend.tests.test_phase2_backend" name="test_setup_admin_login" time="0.468" /><testcase classname="backend.tests.test_phase2_backend" name="test_setup_owner_with_phone_and_gst" time="0.494" /><testcase classname="backend.tests.test_phase2_backend" name="test_tables_crud_owner" time="0.580" /><testcase classname="backend.tests.test_phase2_backend" name="test_create_waiter_and_staff_login_flow" time="0.967" /><testcase classname="backend.tests.test_phase2_backend" name="test_waiter_pin_length_validation" time="0.223" /><testcase classname="backend.tests.test_phase2_backend" name="test_delete_waiter" time="0.583" /><testcase classname="backend.tests.test_phase2_backend" name="test_menu_item_patch_partial_update" time="0.405" /><testcase classname="backend.tests.test_phase2_backend" name="test_bill_gst_split_when_enabled" time="0.231" /><testcase classname="backend.tests.test_phase2_backend" name="test_bill_gst_disabled_override" time="0.185" /><testcase classname="backend.tests.test_phase2_backend" name="test_admin_summary" time="0.091" /><testcase classname="backend.tests.test_phase2_backend" name="test_admin_restaurants_list_and_detail" time="0.200" /><testcase classname="backend.tests.test_phase2_backend" name="test_admin_users_list_no_password" time="0.089" /><testcase classname="backend.tests.test_phase2_backend" name="test_admin_reset_password_waiter_requires_pin_format" time="0.462"><failure message="assert 422 == 200&#10; +  where 422 = &lt;Response [422]&gt;.status_code">backend/tests/test_phase2_backend.py:254: in test_admin_reset_password_waiter_requires_pin_format
    assert ok.status_code == 200
E   assert 422 == 200
E    +  where 422 = &lt;Response [422]&gt;.status_code</failure></testcase><testcase classname="backend.tests.test_phase2_backend" name="test_admin_reset_password_owner_ok" time="0.648" /><testcase classname="backend.tests.test_phase2_backend" name="test_admin_cannot_self_delete" time="0.089" /><testcase classname="backend.tests.test_phase2_backend" name="test_seeded_plans_exist_public_and_admin" time="0.190" /><testcase classname="backend.tests.test_phase2_backend" name="test_admin_create_and_delete_plan" time="0.180" /><testcase classname="backend.tests.test_phase2_backend" name="test_admin_assign_and_cancel_subscription_and_mrr" time="0.399" /><testcase classname="backend.tests.test_phase2_backend" name="test_non_admin_cannot_hit_admin_endpoints" time="0.439" /><testcase classname="backend.tests.test_phase2_backend" name="test_waiter_cannot_hit_admin_endpoints" time="0.092" /><testcase classname="backend.tests.test_phase2_backend" name="test_admin_delete_restaurant_cascades" time="1.134" /></testsuite></testsuites>