<?xml version="1.0" encoding="utf-8"?><testsuites name="pytest tests"><testsuite name="pytest" errors="0" failures="0" skipped="0" tests="21" time="4.887" timestamp="2026-07-18T06:00:00.982147+00:00" hostname="agent-env-12c0e474-196a-4848-adcf-5a0e56ab2c02"><testcase classname="backend.tests.test_lumina_backend" name="test_root_ok" time="0.238" /><testcase classname="backend.tests.test_lumina_backend" name="test_login_super_admin" time="0.354" /><testcase classname="backend.tests.test_lumina_backend" name="test_auth_me_super_admin" time="0.131" /><testcase classname="backend.tests.test_lumina_backend" name="test_refresh_token" time="0.118" /><testcase classname="backend.tests.test_lumina_backend" name="test_register_new_owner" time="0.355" /><testcase classname="backend.tests.test_lumina_backend" name="test_register_duplicate_email_rejected" time="0.126" /><testcase classname="backend.tests.test_lumina_backend" name="test_register_invalid_role_rejected" time="0.091" /><testcase classname="backend.tests.test_lumina_backend" name="test_login_wrong_password" time="0.311" /><testcase classname="backend.tests.test_lumina_backend" name="test_me_requires_token" time="0.102" /><testcase classname="backend.tests.test_lumina_backend" name="test_super_admin_tenant_endpoint_returns_400" time="0.098" /><testcase classname="backend.tests.test_lumina_backend" name="test_owner_a_create_restaurant" time="0.376" /><testcase classname="backend.tests.test_lumina_backend" name="test_create_category_and_persist" time="0.205" /><testcase classname="backend.tests.test_lumina_backend" name="test_create_menu_item_and_persist" time="0.205" /><testcase classname="backend.tests.test_lumina_backend" name="test_create_order_with_subtotal" time="0.111" /><testcase classname="backend.tests.test_lumina_backend" name="test_order_status_transitions" time="0.335" /><testcase classname="backend.tests.test_lumina_backend" name="test_order_invalid_status_rejected" time="0.097" /><testcase classname="backend.tests.test_lumina_backend" name="test_create_bill_with_tax_and_upi" time="0.193" /><testcase classname="backend.tests.test_lumina_backend" name="test_mark_bill_paid_and_order_served" time="0.184" /><testcase classname="backend.tests.test_lumina_backend" name="test_dashboard_summary" time="0.094" /><testcase classname="backend.tests.test_lumina_backend" name="test_multi_tenant_isolation" time="0.700" /><testcase classname="backend.tests.test_lumina_backend" name="test_waiter_cannot_create_category" time="0.423" /></testsuite></testsuites>